Configuration Loaded: 2 CA(s), 2 Logger(s), 4 Monitor(s)
M4
default
Starting Default Server
Converge times successfully dumped to M4.json
Current Time: 2024-11-17T21:55:51-05:00
[34m(default) Listening on port: 8007 [0m
Transitioned to:  precommit
Transitioned to:  precommit
New Update received with size 53333867
New Update received with size 53333867
22 true
WAKE_TM event triggered.
TBS:  {L1 1 8000 2024-11-18T02:55:56Z [156 165 116 237 33 7 247 82 67 18 226 49 173 255 200 234 69 99 194 18 152 233 88 229 134 171 91 252 68 61 21 133] {"sig":"","id":""}}
number of partial Signatures:  1
number of partial Signatures:  2
Time elapsed since start: 32.376143651s
transparency_partial_signature broadcasted
22 true
WAKE_TM event triggered.
TBS:  {L2 1 8000 2024-11-18T02:55:56Z [156 165 116 237 33 7 247 82 67 18 226 49 173 255 200 234 69 99 194 18 152 233 88 229 134 171 91 252 68 61 21 133] {"sig":"","id":""}}
number of partial Signatures:  1
number of partial Signatures:  2
Time elapsed since start: 32.4688292s
Time elapsed since start: 32.468662232s
transparency_partial_signature broadcasted
Terminating the program after 1 minute.
Converge times successfully dumped to M4.json
