Configuration Loaded: 2 CA(s), 2 Logger(s), 4 Monitor(s)
M1
Converge times successfully dumped to M1.json
Current Time: 2024-10-12T17:47:56-04:00
[34mListening on port: 8004 [0m
Notification received, originally assigned to:  M3
Update received, originally assigned to:  M3
1
Update received, originally assigned to:  M1
Notification received, originally assigned to:  M3
1
request received
request received
Notification received, originally assigned to:  M1
Notification received, originally assigned to:  M3
Notification received, originally assigned to:  M1
Transitioned to:  precommit
Notification received, originally assigned to:  M1
Notification received, originally assigned to:  M3
Notification received, originally assigned to:  M1
Transitioned to:  precommit
Notification received, originally assigned to:  M4
Notification received, originally assigned to:  M2
Update received, originally assigned to:  M4
2
Update received, originally assigned to:  M2
2
Notification received, originally assigned to:  M4
Notification received, originally assigned to:  M2
request received
request received
Notification received, originally assigned to:  M4
Notification received, originally assigned to:  M4
Notification received, originally assigned to:  M2
Update received, originally assigned to:  M1
3
Notification received, originally assigned to:  M2
request received
Notification received, originally assigned to:  M3
Notification received, originally assigned to:  M1
Update received, originally assigned to:  M3
3
Notification received, originally assigned to:  M1
request received
Notification received, originally assigned to:  M1
Notification received, originally assigned to:  M3
Notification received, originally assigned to:  M1
Notification received, originally assigned to:  M3
Notification received, originally assigned to:  M3
Notification received, originally assigned to:  M2
Update received, originally assigned to:  M2
4
Notification received, originally assigned to:  M2
Notification received, originally assigned to:  M4
Notification received, originally assigned to:  M2
Update received, originally assigned to:  M4
Notification received, originally assigned to:  M2
4
Notification received, originally assigned to:  M4
Notification received, originally assigned to:  M4
Notification received, originally assigned to:  M4
M3
M2
Transitioned to:  precommit
Transitioned to:  precommit
M3
M4
M1
13333334
13333334
13333334
13333334
M4
13333334
13333334
13333334
13333334
WAKE_TM event triggered.
MSD received
TBV:  {C1 1 [90 213 224 165 162 95 102 250 16 170 229 244 89 211 119 210 208 152 185 13 153 238 115 85 173 216 149 16 138 102 156 8 90 213 224 165 162 95 102 250 16 170 229 244 89 211 119 210 208 152 185 13 153 238 115 85 173 216 149 16 138 102 156 8 32 123 100 159 233 103 82 234 157 148 75 202 102 40 36 212 110 145 107 197 113 31 189 34 103 141 118 174 186 22 95 165] 2024-10-12T21:47:56Z {"sig":"","id":""}}
number of partial Signatures:  1
MSD received
TBV:  {C2 1 [78 220 160 22 228 115 186 26 115 198 98 147 196 197 162 248 44 23 8 29 15 108 204 93 95 149 6 247 82 239 146 190 78 220 160 22 228 115 186 26 115 198 98 147 196 197 162 248 44 23 8 29 15 108 204 93 95 149 6 247 82 239 146 190 129 108 154 74 189 56 203 33 124 25 196 248 123 113 87 80 184 219 234 51 212 158 155 193 41 212 127 166 18 96 13 190] 2024-10-12T21:47:56Z {"sig":"","id":""}}
number of partial Signatures:  1
MSD received
TBV:  {C2 1 [78 220 160 22 228 115 186 26 115 198 98 147 196 197 162 248 44 23 8 29 15 108 204 93 95 149 6 247 82 239 146 190 78 220 160 22 228 115 186 26 115 198 98 147 196 197 162 248 44 23 8 29 15 108 204 93 95 149 6 247 82 239 146 190 129 108 154 74 189 56 203 33 124 25 196 248 123 113 87 80 184 219 234 51 212 158 155 193 41 212 127 166 18 96 13 190] 2024-10-12T21:47:56Z {"sig":"","id":""}}
MSD received
partial Signature duplicates.
TBV:  {C1 1 [90 213 224 165 162 95 102 250 16 170 229 244 89 211 119 210 208 152 185 13 153 238 115 85 173 216 149 16 138 102 156 8 90 213 224 165 162 95 102 250 16 170 229 244 89 211 119 210 208 152 185 13 153 238 115 85 173 216 149 16 138 102 156 8 32 123 100 159 233 103 82 234 157 148 75 202 102 40 36 212 110 145 107 197 113 31 189 34 103 141 118 174 186 22 95 165] 2024-10-12T21:47:56Z {"sig":"","id":""}}
partial Signature duplicates.
MSD received
TBV:  {C1 1 [90 213 224 165 162 95 102 250 16 170 229 244 89 211 119 210 208 152 185 13 153 238 115 85 173 216 149 16 138 102 156 8 90 213 224 165 162 95 102 250 16 170 229 244 89 211 119 210 208 152 185 13 153 238 115 85 173 216 149 16 138 102 156 8 32 123 100 159 233 103 82 234 157 148 75 202 102 40 36 212 110 145 107 197 113 31 189 34 103 141 118 174 186 22 95 165] 2024-10-12T21:47:56Z {"sig":"","id":""}}
number of partial Signatures:  2
Time elapsed since start: 22.123386365s
MSD received
MSD received
TBV:  {C1 1 [90 213 224 165 162 95 102 250 16 170 229 244 89 211 119 210 208 152 185 13 153 238 115 85 173 216 149 16 138 102 156 8 90 213 224 165 162 95 102 250 16 170 229 244 89 211 119 210 208 152 185 13 153 238 115 85 173 216 149 16 138 102 156 8 32 123 100 159 233 103 82 234 157 148 75 202 102 40 36 212 110 145 107 197 113 31 189 34 103 141 118 174 186 22 95 165] 2024-10-12T21:47:56Z {"sig":"","id":""}}
TBV:  {C1 1 [90 213 224 165 162 95 102 250 16 170 229 244 89 211 119 210 208 152 185 13 153 238 115 85 173 216 149 16 138 102 156 8 90 213 224 165 162 95 102 250 16 170 229 244 89 211 119 210 208 152 185 13 153 238 115 85 173 216 149 16 138 102 156 8 32 123 100 159 233 103 82 234 157 148 75 202 102 40 36 212 110 145 107 197 113 31 189 34 103 141 118 174 186 22 95 165] 2024-10-12T21:47:56Z {"sig":"","id":""}}
MSD received
TBV:  {C1 1 [90 213 224 165 162 95 102 250 16 170 229 244 89 211 119 210 208 152 185 13 153 238 115 85 173 216 149 16 138 102 156 8 90 213 224 165 162 95 102 250 16 170 229 244 89 211 119 210 208 152 185 13 153 238 115 85 173 216 149 16 138 102 156 8 32 123 100 159 233 103 82 234 157 148 75 202 102 40 36 212 110 145 107 197 113 31 189 34 103 141 118 174 186 22 95 165] 2024-10-12T21:47:56Z {"sig":"","id":""}}
MSD received
MSD received
partial Signature duplicates.
TBV:  {C2 1 [78 220 160 22 228 115 186 26 115 198 98 147 196 197 162 248 44 23 8 29 15 108 204 93 95 149 6 247 82 239 146 190 78 220 160 22 228 115 186 26 115 198 98 147 196 197 162 248 44 23 8 29 15 108 204 93 95 149 6 247 82 239 146 190 129 108 154 74 189 56 203 33 124 25 196 248 123 113 87 80 184 219 234 51 212 158 155 193 41 212 127 166 18 96 13 190] 2024-10-12T21:47:56Z {"sig":"","id":""}}
partial Signature duplicates.
TBV:  {C1 1 [90 213 224 165 162 95 102 250 16 170 229 244 89 211 119 210 208 152 185 13 153 238 115 85 173 216 149 16 138 102 156 8 90 213 224 165 162 95 102 250 16 170 229 244 89 211 119 210 208 152 185 13 153 238 115 85 173 216 149 16 138 102 156 8 32 123 100 159 233 103 82 234 157 148 75 202 102 40 36 212 110 145 107 197 113 31 189 34 103 141 118 174 186 22 95 165] 2024-10-12T21:47:56Z {"sig":"","id":""}}
Threshold Signature already exists.
number of partial Signatures:  2
Time elapsed since start: 22.127058091s
Threshold Signature already exists.
MSD received
TBV:  {C2 1 [78 220 160 22 228 115 186 26 115 198 98 147 196 197 162 248 44 23 8 29 15 108 204 93 95 149 6 247 82 239 146 190 78 220 160 22 228 115 186 26 115 198 98 147 196 197 162 248 44 23 8 29 15 108 204 93 95 149 6 247 82 239 146 190 129 108 154 74 189 56 203 33 124 25 196 248 123 113 87 80 184 219 234 51 212 158 155 193 41 212 127 166 18 96 13 190] 2024-10-12T21:47:56Z {"sig":"","id":""}}
WAKE_TM event triggered.
partial Signature duplicates.
MSD received
TBV:  {C2 1 [78 220 160 22 228 115 186 26 115 198 98 147 196 197 162 248 44 23 8 29 15 108 204 93 95 149 6 247 82 239 146 190 78 220 160 22 228 115 186 26 115 198 98 147 196 197 162 248 44 23 8 29 15 108 204 93 95 149 6 247 82 239 146 190 129 108 154 74 189 56 203 33 124 25 196 248 123 113 87 80 184 219 234 51 212 158 155 193 41 212 127 166 18 96 13 190] 2024-10-12T21:47:56Z {"sig":"","id":""}}
MSD received
TBV:  {C2 1 [78 220 160 22 228 115 186 26 115 198 98 147 196 197 162 248 44 23 8 29 15 108 204 93 95 149 6 247 82 239 146 190 78 220 160 22 228 115 186 26 115 198 98 147 196 197 162 248 44 23 8 29 15 108 204 93 95 149 6 247 82 239 146 190 129 108 154 74 189 56 203 33 124 25 196 248 123 113 87 80 184 219 234 51 212 158 155 193 41 212 127 166 18 96 13 190] 2024-10-12T21:47:56Z {"sig":"","id":""}}
Threshold Signature already exists.
MSD received
TBV:  {C1 1 [90 213 224 165 162 95 102 250 16 170 229 244 89 211 119 210 208 152 185 13 153 238 115 85 173 216 149 16 138 102 156 8 90 213 224 165 162 95 102 250 16 170 229 244 89 211 119 210 208 152 185 13 153 238 115 85 173 216 149 16 138 102 156 8 32 123 100 159 233 103 82 234 157 148 75 202 102 40 36 212 110 145 107 197 113 31 189 34 103 141 118 174 186 22 95 165] 2024-10-12T21:47:56Z {"sig":"","id":""}}
Threshold Signature already exists.
partial Signature duplicates.
MSD received
TBV:  {C2 1 [78 220 160 22 228 115 186 26 115 198 98 147 196 197 162 248 44 23 8 29 15 108 204 93 95 149 6 247 82 239 146 190 78 220 160 22 228 115 186 26 115 198 98 147 196 197 162 248 44 23 8 29 15 108 204 93 95 149 6 247 82 239 146 190 129 108 154 74 189 56 203 33 124 25 196 248 123 113 87 80 184 219 234 51 212 158 155 193 41 212 127 166 18 96 13 190] 2024-10-12T21:47:56Z {"sig":"","id":""}}
Threshold Signature already exists.
MSD received
revocation_partial_signature broadcasted
TBV:  {C2 1 [78 220 160 22 228 115 186 26 115 198 98 147 196 197 162 248 44 23 8 29 15 108 204 93 95 149 6 247 82 239 146 190 78 220 160 22 228 115 186 26 115 198 98 147 196 197 162 248 44 23 8 29 15 108 204 93 95 149 6 247 82 239 146 190 129 108 154 74 189 56 203 33 124 25 196 248 123 113 87 80 184 219 234 51 212 158 155 193 41 212 127 166 18 96 13 190] 2024-10-12T21:47:56Z {"sig":"","id":""}}
MSD received
TBV:  {C1 1 [90 213 224 165 162 95 102 250 16 170 229 244 89 211 119 210 208 152 185 13 153 238 115 85 173 216 149 16 138 102 156 8 90 213 224 165 162 95 102 250 16 170 229 244 89 211 119 210 208 152 185 13 153 238 115 85 173 216 149 16 138 102 156 8 32 123 100 159 233 103 82 234 157 148 75 202 102 40 36 212 110 145 107 197 113 31 189 34 103 141 118 174 186 22 95 165] 2024-10-12T21:47:56Z {"sig":"","id":""}}
partial Signature duplicates.
MSD received
MSD received
partial Signature duplicates.
TBV:  {C2 1 [78 220 160 22 228 115 186 26 115 198 98 147 196 197 162 248 44 23 8 29 15 108 204 93 95 149 6 247 82 239 146 190 78 220 160 22 228 115 186 26 115 198 98 147 196 197 162 248 44 23 8 29 15 108 204 93 95 149 6 247 82 239 146 190 129 108 154 74 189 56 203 33 124 25 196 248 123 113 87 80 184 219 234 51 212 158 155 193 41 212 127 166 18 96 13 190] 2024-10-12T21:47:56Z {"sig":"","id":""}}
TBV:  {C1 1 [90 213 224 165 162 95 102 250 16 170 229 244 89 211 119 210 208 152 185 13 153 238 115 85 173 216 149 16 138 102 156 8 90 213 224 165 162 95 102 250 16 170 229 244 89 211 119 210 208 152 185 13 153 238 115 85 173 216 149 16 138 102 156 8 32 123 100 159 233 103 82 234 157 148 75 202 102 40 36 212 110 145 107 197 113 31 189 34 103 141 118 174 186 22 95 165] 2024-10-12T21:47:56Z {"sig":"","id":""}}
partial Signature duplicates.
MSD received
TBV:  {C2 1 [78 220 160 22 228 115 186 26 115 198 98 147 196 197 162 248 44 23 8 29 15 108 204 93 95 149 6 247 82 239 146 190 78 220 160 22 228 115 186 26 115 198 98 147 196 197 162 248 44 23 8 29 15 108 204 93 95 149 6 247 82 239 146 190 129 108 154 74 189 56 203 33 124 25 196 248 123 113 87 80 184 219 234 51 212 158 155 193 41 212 127 166 18 96 13 190] 2024-10-12T21:47:56Z {"sig":"","id":""}}
Threshold Signature already exists.
Threshold Signature already exists.
MSD received
TBV:  {C1 1 [90 213 224 165 162 95 102 250 16 170 229 244 89 211 119 210 208 152 185 13 153 238 115 85 173 216 149 16 138 102 156 8 90 213 224 165 162 95 102 250 16 170 229 244 89 211 119 210 208 152 185 13 153 238 115 85 173 216 149 16 138 102 156 8 32 123 100 159 233 103 82 234 157 148 75 202 102 40 36 212 110 145 107 197 113 31 189 34 103 141 118 174 186 22 95 165] 2024-10-12T21:47:56Z {"sig":"","id":""}}
MSD received
TBV:  {C2 1 [78 220 160 22 228 115 186 26 115 198 98 147 196 197 162 248 44 23 8 29 15 108 204 93 95 149 6 247 82 239 146 190 78 220 160 22 228 115 186 26 115 198 98 147 196 197 162 248 44 23 8 29 15 108 204 93 95 149 6 247 82 239 146 190 129 108 154 74 189 56 203 33 124 25 196 248 123 113 87 80 184 219 234 51 212 158 155 193 41 212 127 166 18 96 13 190] 2024-10-12T21:47:56Z {"sig":"","id":""}}
partial Signature duplicates.
MSD received
partial Signature duplicates.
TBV:  {C1 1 [90 213 224 165 162 95 102 250 16 170 229 244 89 211 119 210 208 152 185 13 153 238 115 85 173 216 149 16 138 102 156 8 90 213 224 165 162 95 102 250 16 170 229 244 89 211 119 210 208 152 185 13 153 238 115 85 173 216 149 16 138 102 156 8 32 123 100 159 233 103 82 234 157 148 75 202 102 40 36 212 110 145 107 197 113 31 189 34 103 141 118 174 186 22 95 165] 2024-10-12T21:47:56Z {"sig":"","id":""}}
partial Signature duplicates.
MSD received
TBV:  {C2 1 [78 220 160 22 228 115 186 26 115 198 98 147 196 197 162 248 44 23 8 29 15 108 204 93 95 149 6 247 82 239 146 190 78 220 160 22 228 115 186 26 115 198 98 147 196 197 162 248 44 23 8 29 15 108 204 93 95 149 6 247 82 239 146 190 129 108 154 74 189 56 203 33 124 25 196 248 123 113 87 80 184 219 234 51 212 158 155 193 41 212 127 166 18 96 13 190] 2024-10-12T21:47:56Z {"sig":"","id":""}}
partial Signature duplicates.
revocation_partial_signature broadcasted
M1
M2
WAKE_TM event triggered.
TBS:  {L2 1 8000 2024-10-12T21:47:57Z [87 221 7 228 54 142 237 143 180 102 204 26 77 126 80 244 63 183 78 116 174 96 229 33 26 145 34 22 40 116 223 71] {"sig":"","id":""}}
MSD received
TBV:  {L2 1 8000 2024-10-12T21:47:57Z [87 221 7 228 54 142 237 143 180 102 204 26 77 126 80 244 63 183 78 116 174 96 229 33 26 145 34 22 40 116 223 71] {"sig":"","id":""}}
number of partial Signatures:  1
MSD received
TBV:  {L2 1 8000 2024-10-12T21:47:57Z [87 221 7 228 54 142 237 143 180 102 204 26 77 126 80 244 63 183 78 116 174 96 229 33 26 145 34 22 40 116 223 71] {"sig":"","id":""}}
MSD received
TBV:  {L1 1 8000 2024-10-12T21:47:57Z [87 221 7 228 54 142 237 143 180 102 204 26 77 126 80 244 63 183 78 116 174 96 229 33 26 145 34 22 40 116 223 71] {"sig":"","id":""}}
partial Signature duplicates.
number of partial Signatures:  1
MSD received
WAKE_TM event triggered.
TBS:  {L1 1 8000 2024-10-12T21:47:57Z [87 221 7 228 54 142 237 143 180 102 204 26 77 126 80 244 63 183 78 116 174 96 229 33 26 145 34 22 40 116 223 71] {"sig":"","id":""}}
TBV:  {L2 1 8000 2024-10-12T21:47:57Z [87 221 7 228 54 142 237 143 180 102 204 26 77 126 80 244 63 183 78 116 174 96 229 33 26 145 34 22 40 116 223 71] {"sig":"","id":""}}
number of partial Signatures:  2
Time elapsed since start: 29.042915961s
MSD received
MSD received
TBV:  {L2 1 8000 2024-10-12T21:47:57Z [87 221 7 228 54 142 237 143 180 102 204 26 77 126 80 244 63 183 78 116 174 96 229 33 26 145 34 22 40 116 223 71] {"sig":"","id":""}}
TBV:  {L2 1 8000 2024-10-12T21:47:57Z [87 221 7 228 54 142 237 143 180 102 204 26 77 126 80 244 63 183 78 116 174 96 229 33 26 145 34 22 40 116 223 71] {"sig":"","id":""}}
MSD received
TBV:  {L2 1 8000 2024-10-12T21:47:57Z [87 221 7 228 54 142 237 143 180 102 204 26 77 126 80 244 63 183 78 116 174 96 229 33 26 145 34 22 40 116 223 71] {"sig":"","id":""}}
Threshold Signature already exists.
partial Signature duplicates.
Threshold Signature already exists.
MSD received
TBV:  {L2 1 8000 2024-10-12T21:47:57Z [87 221 7 228 54 142 237 143 180 102 204 26 77 126 80 244 63 183 78 116 174 96 229 33 26 145 34 22 40 116 223 71] {"sig":"","id":""}}
MSD received
TBV:  {L1 1 8000 2024-10-12T21:47:57Z [87 221 7 228 54 142 237 143 180 102 204 26 77 126 80 244 63 183 78 116 174 96 229 33 26 145 34 22 40 116 223 71] {"sig":"","id":""}}
MSD received
partial Signature duplicates.
MSD received
number of partial Signatures:  2
TBV:  {L1 1 8000 2024-10-12T21:47:57Z [87 221 7 228 54 142 237 143 180 102 204 26 77 126 80 244 63 183 78 116 174 96 229 33 26 145 34 22 40 116 223 71] {"sig":"","id":""}}
MSD received
TBV:  {L1 1 8000 2024-10-12T21:47:57Z [87 221 7 228 54 142 237 143 180 102 204 26 77 126 80 244 63 183 78 116 174 96 229 33 26 145 34 22 40 116 223 71] {"sig":"","id":""}}
Time elapsed since start: 29.049909676s
TBV:  {L1 1 8000 2024-10-12T21:47:57Z [87 221 7 228 54 142 237 143 180 102 204 26 77 126 80 244 63 183 78 116 174 96 229 33 26 145 34 22 40 116 223 71] {"sig":"","id":""}}
Threshold Signature already exists.
partial Signature duplicates.
MSD received
Threshold Signature already exists.
TBV:  {L2 1 8000 2024-10-12T21:47:57Z [87 221 7 228 54 142 237 143 180 102 204 26 77 126 80 244 63 183 78 116 174 96 229 33 26 145 34 22 40 116 223 71] {"sig":"","id":""}}
Threshold Signature already exists.
MSD received
TBV:  {L2 1 8000 2024-10-12T21:47:57Z [87 221 7 228 54 142 237 143 180 102 204 26 77 126 80 244 63 183 78 116 174 96 229 33 26 145 34 22 40 116 223 71] {"sig":"","id":""}}
partial Signature duplicates.
MSD received
MSD received
TBV:  {L1 1 8000 2024-10-12T21:47:57Z [87 221 7 228 54 142 237 143 180 102 204 26 77 126 80 244 63 183 78 116 174 96 229 33 26 145 34 22 40 116 223 71] {"sig":"","id":""}}
TBV:  {L2 1 8000 2024-10-12T21:47:57Z [87 221 7 228 54 142 237 143 180 102 204 26 77 126 80 244 63 183 78 116 174 96 229 33 26 145 34 22 40 116 223 71] {"sig":"","id":""}}
partial Signature duplicates.
Threshold Signature already exists.
MSD received
TBV:  {L1 1 8000 2024-10-12T21:47:57Z [87 221 7 228 54 142 237 143 180 102 204 26 77 126 80 244 63 183 78 116 174 96 229 33 26 145 34 22 40 116 223 71] {"sig":"","id":""}}
Threshold Signature already exists.
MSD received
MSD received
TBV:  {L2 1 8000 2024-10-12T21:47:57Z [87 221 7 228 54 142 237 143 180 102 204 26 77 126 80 244 63 183 78 116 174 96 229 33 26 145 34 22 40 116 223 71] {"sig":"","id":""}}
TBV:  {L1 1 8000 2024-10-12T21:47:57Z [87 221 7 228 54 142 237 143 180 102 204 26 77 126 80 244 63 183 78 116 174 96 229 33 26 145 34 22 40 116 223 71] {"sig":"","id":""}}
MSD received
MSD received
TBV:  {L1 1 8000 2024-10-12T21:47:57Z [87 221 7 228 54 142 237 143 180 102 204 26 77 126 80 244 63 183 78 116 174 96 229 33 26 145 34 22 40 116 223 71] {"sig":"","id":""}}
TBV:  {L1 1 8000 2024-10-12T21:47:57Z [87 221 7 228 54 142 237 143 180 102 204 26 77 126 80 244 63 183 78 116 174 96 229 33 26 145 34 22 40 116 223 71] {"sig":"","id":""}}
Threshold Signature already exists.
MSD received
TBV:  {L1 1 8000 2024-10-12T21:47:57Z [87 221 7 228 54 142 237 143 180 102 204 26 77 126 80 244 63 183 78 116 174 96 229 33 26 145 34 22 40 116 223 71] {"sig":"","id":""}}
Threshold Signature already exists.
partial Signature duplicates.
partial Signature duplicates.
MSD received
partial Signature duplicates.
TBV:  {L2 1 8000 2024-10-12T21:47:57Z [87 221 7 228 54 142 237 143 180 102 204 26 77 126 80 244 63 183 78 116 174 96 229 33 26 145 34 22 40 116 223 71] {"sig":"","id":""}}
Threshold Signature already exists.
MSD received
transparency_partial_signature broadcasted
TBV:  {L1 1 8000 2024-10-12T21:47:57Z [87 221 7 228 54 142 237 143 180 102 204 26 77 126 80 244 63 183 78 116 174 96 229 33 26 145 34 22 40 116 223 71] {"sig":"","id":""}}
partial Signature duplicates.
transparency_partial_signature broadcasted
Converge times successfully dumped to M1.json
signal: interrupt
